{"timestamp":"2025-09-06T11:23:20.510668","level":"info","event":"DAG bundles loaded: dags-folder","logger":"airflow.dag_processing.bundles.manager.DagBundlesManager"}
{"timestamp":"2025-09-06T11:23:20.511684","level":"info","event":"Filling up the DagBag from /opt/airflow/dags/dbt_dag.py","logger":"airflow.models.dagbag.DagBag"}
{"timestamp":"2025-09-06T11:23:25.694971","level":"info","event":"Tmp dir root location: /tmp","logger":"airflow.task.hooks.airflow.providers.standard.hooks.subprocess.SubprocessHook"}
{"timestamp":"2025-09-06T11:23:25.696521","level":"info","event":"Running command: ['/usr/bin/bash', '-c', 'cd /opt/airflow/dbt && dbt run --profiles-dir .']","logger":"airflow.task.hooks.airflow.providers.standard.hooks.subprocess.SubprocessHook"}
{"timestamp":"2025-09-06T11:23:25.714043","level":"info","event":"Output:","logger":"airflow.task.hooks.airflow.providers.standard.hooks.subprocess.SubprocessHook"}
{"timestamp":"2025-09-06T11:23:29.680250","level":"info","event":"\u001b[0m11:23:29  Running with dbt=1.10.9","logger":"airflow.task.hooks.airflow.providers.standard.hooks.subprocess.SubprocessHook"}
{"timestamp":"2025-09-06T11:23:41.780440","level":"info","event":"\u001b[0m11:23:41  Registered adapter: bigquery=1.10.1","logger":"airflow.task.hooks.airflow.providers.standard.hooks.subprocess.SubprocessHook"}
{"timestamp":"2025-09-06T11:23:42.369944","level":"info","event":"\u001b[0m11:23:42  Unable to do partial parsing because of a version mismatch","logger":"airflow.task.hooks.airflow.providers.standard.hooks.subprocess.SubprocessHook"}
{"timestamp":"2025-09-06T11:23:44.488414","level":"info","event":"\u001b[0m11:23:44  [\u001b[33mWARNING\u001b[0m]: Configuration paths exist in your dbt_project.yml file which do not apply to any resources.","logger":"airflow.task.hooks.airflow.providers.standard.hooks.subprocess.SubprocessHook"}
{"timestamp":"2025-09-06T11:23:44.488663","level":"info","event":"There are 1 unused configuration paths:","logger":"airflow.task.hooks.airflow.providers.standard.hooks.subprocess.SubprocessHook"}
{"timestamp":"2025-09-06T11:23:44.488799","level":"info","event":"- models.dbt_.example","logger":"airflow.task.hooks.airflow.providers.standard.hooks.subprocess.SubprocessHook"}
{"timestamp":"2025-09-06T11:23:44.890592","level":"info","event":"\u001b[0m11:23:44  Found 3 models, 1 source, 496 macros","logger":"airflow.task.hooks.airflow.providers.standard.hooks.subprocess.SubprocessHook"}
{"timestamp":"2025-09-06T11:23:44.894606","level":"info","event":"\u001b[0m11:23:44","logger":"airflow.task.hooks.airflow.providers.standard.hooks.subprocess.SubprocessHook"}
{"timestamp":"2025-09-06T11:23:44.897468","level":"info","event":"\u001b[0m11:23:44  Concurrency: 4 threads (target='dev')","logger":"airflow.task.hooks.airflow.providers.standard.hooks.subprocess.SubprocessHook"}
{"timestamp":"2025-09-06T11:23:44.898942","level":"info","event":"\u001b[0m11:23:44","logger":"airflow.task.hooks.airflow.providers.standard.hooks.subprocess.SubprocessHook"}
{"timestamp":"2025-09-06T11:23:48.931756","level":"info","event":"\u001b[0m11:23:48  1 of 3 START sql view model my_project.dim__province ........................... [RUN]","logger":"airflow.task.hooks.airflow.providers.standard.hooks.subprocess.SubprocessHook"}
{"timestamp":"2025-09-06T11:23:48.931959","level":"info","event":"\u001b[0m11:23:48  2 of 3 START sql view model my_project.int__weather_today_province ............. [RUN]","logger":"airflow.task.hooks.airflow.providers.standard.hooks.subprocess.SubprocessHook"}
{"timestamp":"2025-09-06T11:23:51.473048","level":"info","event":"\u001b[0m11:23:51  1 of 3 OK created sql view model my_project.dim__province ...................... [\u001b[32mCREATE VIEW (0 processed)\u001b[0m in 2.07s]","logger":"airflow.task.hooks.airflow.providers.standard.hooks.subprocess.SubprocessHook"}
{"timestamp":"2025-09-06T11:23:51.823859","level":"info","event":"\u001b[0m11:23:51  2 of 3 OK created sql view model my_project.int__weather_today_province ........ [\u001b[32mCREATE VIEW (0 processed)\u001b[0m in 2.88s]","logger":"airflow.task.hooks.airflow.providers.standard.hooks.subprocess.SubprocessHook"}
{"timestamp":"2025-09-06T11:23:51.834548","level":"info","event":"\u001b[0m11:23:51  3 of 3 START sql view model my_project.fct__weather ............................ [RUN]","logger":"airflow.task.hooks.airflow.providers.standard.hooks.subprocess.SubprocessHook"}
{"timestamp":"2025-09-06T11:23:53.502998","level":"info","event":"\u001b[0m11:23:53  3 of 3 OK created sql view model my_project.fct__weather ....................... [\u001b[32mCREATE VIEW (0 processed)\u001b[0m in 1.66s]","logger":"airflow.task.hooks.airflow.providers.standard.hooks.subprocess.SubprocessHook"}
{"timestamp":"2025-09-06T11:23:53.602998","level":"info","event":"\u001b[0m11:23:53","logger":"airflow.task.hooks.airflow.providers.standard.hooks.subprocess.SubprocessHook"}
{"timestamp":"2025-09-06T11:23:53.603178","level":"info","event":"\u001b[0m11:23:53  Finished running 3 view models in 0 hours 0 minutes and 8.70 seconds (8.70s).","logger":"airflow.task.hooks.airflow.providers.standard.hooks.subprocess.SubprocessHook"}
{"timestamp":"2025-09-06T11:23:53.780161","level":"info","event":"\u001b[0m11:23:53","logger":"airflow.task.hooks.airflow.providers.standard.hooks.subprocess.SubprocessHook"}
{"timestamp":"2025-09-06T11:23:53.782009","level":"info","event":"\u001b[0m11:23:53  \u001b[32mCompleted successfully\u001b[0m","logger":"airflow.task.hooks.airflow.providers.standard.hooks.subprocess.SubprocessHook"}
{"timestamp":"2025-09-06T11:23:53.784051","level":"info","event":"\u001b[0m11:23:53","logger":"airflow.task.hooks.airflow.providers.standard.hooks.subprocess.SubprocessHook"}
{"timestamp":"2025-09-06T11:23:53.785654","level":"info","event":"\u001b[0m11:23:53  Done. PASS=3 WARN=0 ERROR=0 SKIP=0 NO-OP=0 TOTAL=3","logger":"airflow.task.hooks.airflow.providers.standard.hooks.subprocess.SubprocessHook"}
{"timestamp":"2025-09-06T11:23:56.499201","level":"info","event":"Command exited with return code 0","logger":"airflow.task.hooks.airflow.providers.standard.hooks.subprocess.SubprocessHook"}
{"timestamp":"2025-09-06T11:23:56.503082","level":"info","event":"Pushing xcom","ti":"RuntimeTaskInstance(id=UUID('01991ebf-9c07-7e47-ac7b-f97f66b6d0db'), task_id='dbt_transform', dag_id='dbt_dag', run_id='manual__2025-09-06T11:18:00.340772+00:00', try_number=2, map_index=-1, hostname='c8df837fbfe2', context_carrier=None, task=<Task(BashOperator): dbt_transform>, bundle_instance=LocalDagBundle(name=dags-folder), max_tries=1, start_date=datetime.datetime(2025, 9, 6, 11, 23, 18, 773329, tzinfo=datetime.timezone.utc), end_date=None, state=<TaskInstanceState.RUNNING: 'running'>, is_mapped=False, rendered_map_index=None, log_url='http://localhost:8080/dags/dbt_dag/runs/manual__2025-09-06T11%3A18%3A00.340772%2B00%3A00/tasks/dbt_transform?try_number=2')","logger":"task"}
